0 info it worked if it ends with ok
1 verbose cli [ '/Users/dongshik/.nvm/versions/node/v5.8.0/bin/node',
1 verbose cli   '/Users/dongshik/.nvm/versions/node/v5.8.0/bin/npm',
1 verbose cli   'run',
1 verbose cli   'serve' ]
2 info using npm@3.7.3
3 info using node@v5.8.0
4 verbose run-script [ 'preserve', 'serve', 'postserve' ]
5 info lifecycle hello-world@0.1.0~preserve: hello-world@0.1.0
6 silly lifecycle hello-world@0.1.0~preserve: no script for preserve, continuing
7 info lifecycle hello-world@0.1.0~serve: hello-world@0.1.0
8 verbose lifecycle hello-world@0.1.0~serve: unsafe-perm in lifecycle true
9 verbose lifecycle hello-world@0.1.0~serve: PATH: /Users/dongshik/.nvm/versions/node/v5.8.0/lib/node_modules/npm/bin/node-gyp-bin:/Users/dongshik/git/myworkchain/myworkchainmarket/node_modules/.bin:/Users/dongshik/.nvm/versions/node/v5.8.0/bin:/opt/local/bin:/opt/local/sbin:/Users/dongshik/anaconda3/bin:/Users/dongshik/anaconda3/condabin:/usr/local/sbin:/Users/dongshik/.nvm/versions/node/v5.8.0/bin:/usr/local/bin:/usr/bin:/bin:/usr/sbin:/sbin:/Library/TeX/texbin:/opt/X11/bin
10 verbose lifecycle hello-world@0.1.0~serve: CWD: /Users/dongshik/git/myworkchain/myworkchainmarket
11 silly lifecycle hello-world@0.1.0~serve: Args: [ '-c', 'vue-cli-service serve' ]
12 silly lifecycle hello-world@0.1.0~serve: Returned: code: 1  signal: null
13 info lifecycle hello-world@0.1.0~serve: Failed to exec serve script
14 verbose stack Error: hello-world@0.1.0 serve: `vue-cli-service serve`
14 verbose stack Exit status 1
14 verbose stack     at EventEmitter.<anonymous> (/Users/dongshik/.nvm/versions/node/v5.8.0/lib/node_modules/npm/lib/utils/lifecycle.js:239:16)
14 verbose stack     at emitTwo (events.js:100:13)
14 verbose stack     at EventEmitter.emit (events.js:185:7)
14 verbose stack     at ChildProcess.<anonymous> (/Users/dongshik/.nvm/versions/node/v5.8.0/lib/node_modules/npm/lib/utils/spawn.js:24:14)
14 verbose stack     at emitTwo (events.js:100:13)
14 verbose stack     at ChildProcess.emit (events.js:185:7)
14 verbose stack     at maybeClose (internal/child_process.js:850:16)
14 verbose stack     at Process.ChildProcess._handle.onexit (internal/child_process.js:215:5)
15 verbose pkgid hello-world@0.1.0
16 verbose cwd /Users/dongshik/git/myworkchain/myworkchainmarket
17 error Darwin 18.7.0
18 error argv "/Users/dongshik/.nvm/versions/node/v5.8.0/bin/node" "/Users/dongshik/.nvm/versions/node/v5.8.0/bin/npm" "run" "serve"
19 error node v5.8.0
20 error npm  v3.7.3
21 error code ELIFECYCLE
22 error hello-world@0.1.0 serve: `vue-cli-service serve`
22 error Exit status 1
23 error Failed at the hello-world@0.1.0 serve script 'vue-cli-service serve'.
23 error Make sure you have the latest version of node.js and npm installed.
23 error If you do, this is most likely a problem with the hello-world package,
23 error not with npm itself.
23 error Tell the author that this fails on your system:
23 error     vue-cli-service serve
23 error You can get information on how to open an issue for this project with:
23 error     npm bugs hello-world
23 error Or if that isn't available, you can get their info via:
23 error     npm owner ls hello-world
23 error There is likely additional logging output above.
24 verbose exit [ 1, true ]
